<?xml version="1.0" encoding="UTF-8"?>
<testsuite xmlns:xsi="http://www.w3.org/2001/XMLSchema-instance" xsi:noNamespaceSchemaLocation="https://maven.apache.org/surefire/maven-surefire-plugin/xsd/surefire-test-report-3.0.xsd" version="3.0" name="com.javatechie.InventoryServiceApplicationTests" time="1.984" tests="1" errors="0" skipped="0" failures="0">
  <properties>
[...]
</properties>
  <testcase name="contextLoads" classname="com.javatechie.InventoryServiceApplicationTests" time="0.289">
    <system-out><![CDATA[16:26:12.207 [main] INFO org.springframework.test.context.support.AnnotationConfigContextLoaderUtils -- Could not detect default configuration classes for test class [com.javatechie.InventoryServiceApplicationTests]: InventoryServiceApplicationTests does not declare any static, non-private, non-final, nested classes annotated with @Configuration.
16:26:12.242 [main] INFO org.springframework.boot.test.context.SpringBootTestContextBootstrapper -- Found @SpringBootConfiguration com.javatechie.InventoryServiceApplication for test class com.javatechie.InventoryServiceApplicationTests

  .   ____          _            __ _ _
 /\\ / ___'_ __ _ _(_)_ __  __ _ \ \ \ \
( ( )\___ | '_ | '_| | '_ \/ _` | \ \ \ \
 \\/  ___)| |_)| | | | | || (_| |  ) ) ) )
  '  |____| .__|_| |_|_| |_\__, | / / / /
 =========|_|==============|___/=/_/_/_/
 :: Spring Boot ::                (v3.1.0)

2024-12-21T16:26:12.363+05:30  INFO 4701 --- [           main] c.j.InventoryServiceApplicationTests     : Starting InventoryServiceApplicationTests using Java 17.0.6 with PID 4701 (started by shivamkumar in /Users/shivamkumar/Documents/Go-Astrology/graph-demo)
2024-12-21T16:26:12.364+05:30  INFO 4701 --- [           main] c.j.InventoryServiceApplicationTests     : No active profile set, falling back to 1 default profile: "default"
2024-12-21T16:26:12.561+05:30  INFO 4701 --- [           main] .s.d.r.c.RepositoryConfigurationDelegate : Bootstrapping Spring Data JPA repositories in DEFAULT mode.
2024-12-21T16:26:12.609+05:30  INFO 4701 --- [           main] .s.d.r.c.RepositoryConfigurationDelegate : Finished Spring Data repository scanning in 46 ms. Found 1 JPA repository interfaces.
2024-12-21T16:26:12.772+05:30  INFO 4701 --- [           main] o.hibernate.jpa.internal.util.LogHelper  : HHH000204: Processing PersistenceUnitInfo [name: default]
2024-12-21T16:26:12.790+05:30  INFO 4701 --- [           main] org.hibernate.Version                    : HHH000412: Hibernate ORM core version 6.2.2.Final
2024-12-21T16:26:12.790+05:30  INFO 4701 --- [           main] org.hibernate.cfg.Environment            : HHH000406: Using bytecode reflection optimizer
2024-12-21T16:26:12.835+05:30  INFO 4701 --- [           main] o.h.b.i.BytecodeProviderInitiator        : HHH000021: Bytecode provider name : bytebuddy
2024-12-21T16:26:12.873+05:30  INFO 4701 --- [           main] o.s.o.j.p.SpringPersistenceUnitInfo      : No LoadTimeWeaver setup: ignoring JPA class transformer
2024-12-21T16:26:12.879+05:30  INFO 4701 --- [           main] com.zaxxer.hikari.HikariDataSource       : HikariPool-1 - Starting...
2024-12-21T16:26:13.064+05:30  INFO 4701 --- [           main] com.zaxxer.hikari.pool.HikariPool        : HikariPool-1 - Added connection com.mysql.cj.jdbc.ConnectionImpl@7e31062c
2024-12-21T16:26:13.065+05:30  INFO 4701 --- [           main] com.zaxxer.hikari.HikariDataSource       : HikariPool-1 - Start completed.
2024-12-21T16:26:13.099+05:30  INFO 4701 --- [           main] org.hibernate.orm.dialect                : HHH035001: Using dialect: org.hibernate.dialect.MySQLDialect, version: 8.0.33
2024-12-21T16:26:13.158+05:30  INFO 4701 --- [           main] o.h.b.i.BytecodeProviderInitiator        : HHH000021: Bytecode provider name : bytebuddy
2024-12-21T16:26:13.354+05:30  INFO 4701 --- [           main] o.h.e.t.j.p.i.JtaPlatformInitiator       : HHH000490: Using JtaPlatform implementation: [org.hibernate.engine.transaction.jta.platform.internal.NoJtaPlatform]
Hibernate: alter table Product modify column price  float(23)
2024-12-21T16:26:13.420+05:30  INFO 4701 --- [           main] j.LocalContainerEntityManagerFactoryBean : Initialized JPA EntityManagerFactory for persistence unit 'default'
2024-12-21T16:26:13.588+05:30  WARN 4701 --- [           main] JpaBaseConfiguration$JpaWebConfiguration : spring.jpa.open-in-view is enabled by default. Therefore, database queries may be performed during view rendering. Explicitly configure spring.jpa.open-in-view to disable this warning
2024-12-21T16:26:13.736+05:30  INFO 4701 --- [           main] efaultSchemaResourceGraphQlSourceBuilder : Loaded 1 resource(s) in the GraphQL schema.
2024-12-21T16:26:13.799+05:30  INFO 4701 --- [           main] s.b.a.g.s.GraphQlWebMvcAutoConfiguration : GraphQL endpoint HTTP POST /graphql
2024-12-21T16:26:13.839+05:30  INFO 4701 --- [           main] c.j.InventoryServiceApplicationTests     : Started InventoryServiceApplicationTests in 1.553 seconds (process running for 1.906)
]]></system-out>
  </testcase>
</testsuite>